\BOOKMARK [1][]{section*.1}{\376\377\000\332\000v\000o\000d}{}% 1
\BOOKMARK [1][]{section.2}{\376\377\000A\000u\000t\000o\000n\000\363\000m\000n\000e\000\040\000v\000o\000z\000i\000d\000l\000\341}{}% 2
\BOOKMARK [2][]{subsection.3}{\376\377\001\014\000o\000\040\000j\000e\000\040\000t\000o\000\040\000a\000u\000t\000o\000n\000\363\000m\000n\000e\000\040\000v\000o\000z\000i\000d\000l\000o\000?}{section.2}% 3
\BOOKMARK [2][]{subsection.4}{\376\377\000\332\000r\000o\000v\000n\000e\000\040\000a\000u\000t\000o\000n\000\363\000m\000n\000y\000c\000h\000\040\000v\000o\000z\000i\000d\000i\000e\000l}{section.2}% 4
\BOOKMARK [3][]{subsubsection.5}{\376\377\000\332\000r\000o\000v\000e\001\110\000\040\0000}{subsection.4}% 5
\BOOKMARK [3][]{subsubsection.6}{\376\377\000\332\000r\000o\000v\000e\001\110\000\040\0001}{subsection.4}% 6
\BOOKMARK [3][]{subsubsection.7}{\376\377\000\332\000r\000o\000v\000e\001\110\000\040\0002}{subsection.4}% 7
\BOOKMARK [3][]{subsubsection.8}{\376\377\000\332\000r\000o\000v\000e\001\110\000\040\0003}{subsection.4}% 8
\BOOKMARK [3][]{subsubsection.9}{\376\377\000\332\000r\000o\000v\000e\001\110\000\040\0004}{subsection.4}% 9
\BOOKMARK [3][]{subsubsection.10}{\376\377\000\332\000r\000o\000v\000e\001\110\000\040\0005}{subsection.4}% 10
\BOOKMARK [1][]{section.11}{\376\377\000A\000n\000a\000l\000\375\000z\000a\000\040\000s\000\372\001\015\000a\000s\000n\000\351\000h\000o\000\040\000s\000t\000a\000v\000u}{}% 11
\BOOKMARK [2][]{subsection.12}{\376\377\000A\000k\000t\000u\000\341\000l\000n\000y\000\040\000s\000t\000a\000v\000\040\000t\000e\000c\000h\000n\000o\000l\000\363\000g\000i\000e}{section.11}% 12
\BOOKMARK [3][]{subsubsection.13}{\376\377\000U\000m\000e\000l\000\341\000\040\000i\000n\000t\000e\000l\000i\000g\000e\000n\000c\000i\000a}{subsection.12}% 13
\BOOKMARK [3][]{subsubsection.14}{\376\377\000S\000e\000n\000z\000o\000r\000y}{subsection.12}% 14
\BOOKMARK [2][]{subsection.15}{\376\377\000P\000o\000u\001\176\000i\000t\000i\000e\000\040\000a\000u\000t\000o\000n\000\363\000m\000n\000y\000c\000h\000\040\000v\000o\000z\000i\000d\000i\000e\000l}{section.11}% 15
\BOOKMARK [3][]{subsubsection.16}{\376\377\000A\000u\000t\000o\000n\000\363\000m\000n\000e\000\040\000t\000a\000x\000i\000\040\000s\000l\000u\001\176\000b\000y}{subsection.15}% 16
\BOOKMARK [3][]{subsubsection.17}{\376\377\000A\000u\000t\000o\000n\000o\000m\000i\000z\000\341\000c\000i\000a\000\040\000d\000o\000n\000\341\001\141\000k\000y\000\040\000j\000e\000d\000l\000a}{subsection.15}% 17
\BOOKMARK [1][]{section.18}{\376\377\000K\000o\000m\000p\000o\000n\000e\000n\000t\000y\000\040\000s\000y\000s\000t\000\351\000m\000u}{}% 18
\BOOKMARK [2][]{subsection.19}{\376\377\000A\000r\000d\000u\000i\000n\000o\000\040\000N\000a\000n\000o\000\040\000E\000S\000P\0003\0002\000\040\000m\000i\000k\000r\000o\000k\000o\000n\000t\000r\000o\000l\000e\000r}{section.18}% 19
\BOOKMARK [2][]{subsection.20}{\376\377\000E\000S\000P\0003\0002\000-\000C\000A\000M\000\040\000+\000\040\000O\000V\0002\0006\0004\0000\000\040\000k\000a\000m\000e\000r\000a}{section.18}% 20
\BOOKMARK [2][]{subsection.21}{\376\377\000H\000C\000-\000S\000R\0000\0004\000\040\000U\000l\000t\000r\000a\000z\000v\000u\000k\000o\000v\000\375\000\040\000s\000e\000n\000z\000o\000r}{section.18}% 21
\BOOKMARK [2][]{subsection.22}{\376\377\000D\000R\000V\0008\0008\0003\0003\000\040\000d\000r\000i\000v\000e\000r\000\040\000p\000r\000e\000\040\000m\000o\000t\000o\000r\001\015\000e\000k\000y}{section.18}% 22
\BOOKMARK [2][]{subsection.23}{\376\377\000E\000l\000e\000k\000t\000r\000i\000c\000k\000\351\000\040\000k\000o\000m\000p\000o\000n\000e\000n\000t\000y}{section.18}% 23
\BOOKMARK [2][]{subsection.24}{\376\377\000R\000\341\000m\000\040\000v\000o\000z\000i\000d\000l\000a}{section.18}% 24
\BOOKMARK [2][]{subsection.25}{\376\377\000S\000e\000r\000v\000e\000r}{section.18}% 25
\BOOKMARK [2][]{subsection.26}{\376\377\000S\000o\000f\000t\000v\000\351\000r}{section.18}% 26
\BOOKMARK [3][]{subsubsection.27}{\376\377\000C\000+\000+}{subsection.26}% 27
\BOOKMARK [3][]{subsubsection.28}{\376\377\000P\000y\000t\000h\000o\000n}{subsection.26}% 28
\BOOKMARK [3][]{subsubsection.29}{\376\377\000O\000p\000e\000n\000C\000V}{subsection.26}% 29
\BOOKMARK [3][]{subsubsection.30}{\376\377\000U\000l\000t\000r\000a\000l\000y\000t\000i\000c\000s\000\040\000Y\000O\000L\000O\000v\0008}{subsection.26}% 30
\BOOKMARK [1][]{section.31}{\376\377\000N\000\341\000v\000r\000h\000\040\000a\000\040\000i\000m\000p\000l\000e\000m\000e\000n\000t\000\341\000c\000i\000a}{}% 31
\BOOKMARK [2][]{subsection.32}{\376\377\000N\000\341\000v\000r\000h\000\040\000k\000o\000m\000u\000n\000i\000k\000\341\000c\000i\000e\000\040\000k\000o\000m\000p\000o\000n\000e\000n\000t\000o\000v}{section.31}% 32
\BOOKMARK [2][]{subsection.33}{\376\377\000N\000\341\000v\000r\000h\000\040\000r\000\341\000m\000u\000\040\000a\000\040\000r\000o\000z\000l\000o\001\176\000e\000n\000i\000e\000\040\000k\000o\000m\000p\000o\000n\000e\000n\000t\000o\000v}{section.31}% 33
\BOOKMARK [2][]{subsection.34}{\376\377\000M\000o\000n\000t\000o\000v\000a\000n\000i\000e\000\040\000v\000o\000z\000i\000d\000l\000a}{section.31}% 34
\BOOKMARK [1][]{section.35}{\376\377\000D\000e\000t\000e\000k\000c\000i\000a\000\040\000v\000o\000z\000o\000v\000k\000y}{}% 35
\BOOKMARK [2][]{subsection.36}{\376\377\000R\000e\000g\000i\000o\000n\000\040\000o\000f\000\040\000i\000n\000t\000e\000r\000e\000s\000t}{section.35}% 36
\BOOKMARK [2][]{subsection.37}{\376\377\000H\001\076\000a\000d\000a\000n\000i\000e\000\040\000s\000v\000e\000t\000l\000\375\000c\000h\000\040\000r\000e\000g\000i\000\363\000n\000o\000v}{section.35}% 37
\BOOKMARK [2][]{subsection.38}{\376\377\000H\001\076\000a\000d\000a\000n\000i\000e\000\040\000k\000o\000n\000t\000\372\000r\000\040\000v\000o\000z\000o\000v\000k\000y}{section.35}% 38
\BOOKMARK [2][]{subsection.39}{\376\377\000I\000n\000t\000e\000r\000p\000r\000e\000t\000\341\000c\000i\000a\000\040\000d\000\341\000t}{section.35}% 39
\BOOKMARK [1][]{section.40}{\376\377\000D\000e\000t\000e\000k\000c\000i\000a\000\040\000p\000r\000e\000k\000\341\001\176\000k\000y}{}% 40
\BOOKMARK [2][]{subsection.41}{\376\377\000U\000l\000t\000r\000a\000z\000v\000u\000k\000o\000v\000\375\000\040\000s\000e\000n\000z\000o\000r}{section.40}% 41
\BOOKMARK [2][]{subsection.42}{\376\377\000C\000N\000N}{section.40}% 42
\BOOKMARK [2][]{subsection.43}{\376\377\000I\000n\000t\000e\000r\000p\000r\000e\000t\000\341\000c\000i\000a\000\040\000d\000\341\000t}{section.40}% 43
\BOOKMARK [1][]{section.44}{\376\377\000T\000e\000s\000t\000o\000v\000a\000n\000i\000e}{}% 44
\BOOKMARK [2][]{subsection.45}{\376\377\000T\000e\000s\000t\000o\000v\000a\000n\000i\000e\000\040\000m\000o\000t\000o\000r\000o\000v}{section.44}% 45
\BOOKMARK [2][]{subsection.46}{\376\377\000T\000e\000s\000t\000o\000v\000a\000n\000i\000e\000\040\000s\000e\000n\000z\000o\000r\000o\000v}{section.44}% 46
\BOOKMARK [2][]{subsection.47}{\376\377\000T\000e\000s\000t\000o\000v\000a\000n\000i\000e\000\040\000k\000a\000m\000e\000r\000y}{section.44}% 47
\BOOKMARK [1][]{section.48}{\376\377\000V\000\375\000s\000l\000e\000d\000k\000y}{}% 48
\BOOKMARK [1][]{section*.49}{\376\377\000Z\000\341\000v\000e\000r}{}% 49
\BOOKMARK [1][]{section*.50}{\376\377\000L\000i\000t\000e\000r\000a\000t\000\372\000r\000a}{}% 50
\BOOKMARK [2][]{section*.51}{\376\377\000P\000o\000u\001\176\000i\000t\000i\000e\000\040\000n\000\341\000s\000t\000r\000o\000j\000o\000v\000\040\000u\000m\000e\000l\000e\000j\000\040\000i\000n\000t\000e\000l\000i\000g\000e\000n\000c\000i\000e}{section*.50}% 51
\BOOKMARK [1][]{section.53}{\376\377\000A\000l\000g\000o\000r\000i\000t\000m\000u\000s}{}% 52
\BOOKMARK [1][]{section.56}{\376\377\000V\000\375\000p\000i\000s\000\040\000d\000l\000h\000\351\000h\000o\000\040\000k\000\363\000d\000u}{}% 53
\BOOKMARK [1][]{section.59}{\376\377\000S\000l\000o\000v\000n\000\355\001\015\000e\000k\000\040\000p\000o\000j\000m\000o\000v}{}% 54
